2022-06-03 14:49:30.279  INFO 68071 --- [main] o.s.b.w.embedded.tomcat.TomcatWebServer  : Tomcat initialized with port(s): 0 (http)
2022-06-03 14:49:30.393  INFO 68071 --- [main] w.s.c.ServletWebServerApplicationContext : Root WebApplicationContext: initialization completed in 1563 ms
2022-06-03 14:49:31.128  INFO 68071 --- [main] pertySourcedRequestMappingHandlerMapping : Mapped URL path [/v2/api-docs] onto method [springfox.documentation.swagger2.web.Swagger2Controller#getDocumentation(String, HttpServletRequest)]
2022-06-03 14:49:31.350  INFO 68071 --- [main] o.s.s.concurrent.ThreadPoolTaskExecutor  : Initializing ExecutorService 'applicationTaskExecutor'
2022-06-03 14:49:31.426  INFO 68071 --- [main] o.s.b.a.w.s.WelcomePageHandlerMapping    : Adding welcome page: class path resource [static/index.html]
2022-06-03 14:49:32.261  INFO 68071 --- [main] d.s.w.p.DocumentationPluginsBootstrapper : Context refreshed
2022-06-03 14:49:32.282  INFO 68071 --- [main] d.s.w.p.DocumentationPluginsBootstrapper : Found 1 custom documentation plugin(s)
2022-06-03 14:49:32.348  INFO 68071 --- [main] s.d.s.w.s.ApiListingReferenceScanner     : Scanning for api listing references
2022-06-03 14:49:32.552  INFO 68071 --- [main] .d.s.w.r.o.CachingOperationNameGenerator : Generating unique operation named: disableRouteUsingPUT_1
2022-06-03 14:49:32.554  INFO 68071 --- [main] .d.s.w.r.o.CachingOperationNameGenerator : Generating unique operation named: enableRouteUsingPUT_1
2022-06-03 14:49:32.592  INFO 68071 --- [main] .d.s.w.r.o.CachingOperationNameGenerator : Generating unique operation named: searchServiceUsingGET_1
2022-06-03 14:49:32.638  INFO 68071 --- [main] .d.s.w.r.o.CachingOperationNameGenerator : Generating unique operation named: createRuleUsingPOST_1
2022-06-03 14:49:32.640  INFO 68071 --- [main] .d.s.w.r.o.CachingOperationNameGenerator : Generating unique operation named: deleteRouteUsingDELETE_1
2022-06-03 14:49:32.643  INFO 68071 --- [main] .d.s.w.r.o.CachingOperationNameGenerator : Generating unique operation named: detailRouteUsingGET_1
2022-06-03 14:49:32.644  INFO 68071 --- [main] .d.s.w.r.o.CachingOperationNameGenerator : Generating unique operation named: disableRouteUsingPUT_2
2022-06-03 14:49:32.646  INFO 68071 --- [main] .d.s.w.r.o.CachingOperationNameGenerator : Generating unique operation named: enableRouteUsingPUT_2
2022-06-03 14:49:32.649  INFO 68071 --- [main] .d.s.w.r.o.CachingOperationNameGenerator : Generating unique operation named: searchRoutesUsingGET_1
2022-06-03 14:49:32.651  INFO 68071 --- [main] .d.s.w.r.o.CachingOperationNameGenerator : Generating unique operation named: updateRuleUsingPUT_1
2022-06-03 14:49:32.698  INFO 68071 --- [main] o.s.b.w.embedded.tomcat.TomcatWebServer  : Tomcat started on port(s): 57978 (http) with context path ''
2022-06-03 14:49:32.885  INFO 68071 --- [http-nio-auto-1-exec-1] o.s.web.servlet.DispatcherServlet        : Initializing Servlet 'dispatcherServlet'
2022-06-03 14:49:32.909  INFO 68071 --- [http-nio-auto-1-exec-1] o.s.web.servlet.DispatcherServlet        : Completed initialization in 24 ms
2022-06-03 14:49:32.991 ERROR 68071 --- [main-EventThread] o.a.c.f.imps.CuratorFrameworkImpl        : Watcher exception

org.apache.zookeeper.KeeperException$NoNodeException: KeeperErrorCode = NoNode for /dubbo
	at org.apache.zookeeper.KeeperException.create(KeeperException.java:118)
	at org.apache.zookeeper.KeeperException.create(KeeperException.java:54)
	at org.apache.zookeeper.ZooKeeper.getChildren(ZooKeeper.java:2619)
	at org.apache.curator.framework.imps.GetChildrenBuilderImpl$3.call(GetChildrenBuilderImpl.java:230)
	at org.apache.curator.framework.imps.GetChildrenBuilderImpl$3.call(GetChildrenBuilderImpl.java:219)
	at org.apache.curator.RetryLoop.callWithRetry(RetryLoop.java:109)
	at org.apache.curator.framework.imps.GetChildrenBuilderImpl.pathInForeground(GetChildrenBuilderImpl.java:216)
	at org.apache.curator.framework.imps.GetChildrenBuilderImpl.forPath(GetChildrenBuilderImpl.java:207)
	at org.apache.curator.framework.imps.GetChildrenBuilderImpl.forPath(GetChildrenBuilderImpl.java:40)
	at org.apache.dubbo.remoting.zookeeper.curator.CuratorZookeeperClient$CuratorWatcherImpl.process(CuratorZookeeperClient.java:293)
	at org.apache.curator.framework.imps.NamespaceWatcher.process(NamespaceWatcher.java:68)
	at org.apache.zookeeper.ClientCnxn$EventThread.processEvent(ClientCnxn.java:525)
	at org.apache.zookeeper.ClientCnxn$EventThread.run(ClientCnxn.java:500)

2022-06-03 14:49:33.170 ERROR 68071 --- [Curator-Framework-0] org.apache.curator.ConnectionState       : Connection timed out for connection string (127.0.0.1:57907) and timeout (5000) / elapsed (5008)

org.apache.curator.CuratorConnectionLossException: KeeperErrorCode = ConnectionLoss
	at org.apache.curator.ConnectionState.checkTimeouts(ConnectionState.java:225)
	at org.apache.curator.ConnectionState.getZooKeeper(ConnectionState.java:94)
	at org.apache.curator.CuratorZookeeperClient.getZooKeeper(CuratorZookeeperClient.java:117)
	at org.apache.curator.framework.imps.CuratorFrameworkImpl.performBackgroundOperation(CuratorFrameworkImpl.java:835)
	at org.apache.curator.framework.imps.CuratorFrameworkImpl.backgroundOperationsLoop(CuratorFrameworkImpl.java:809)
	at org.apache.curator.framework.imps.CuratorFrameworkImpl.access$300(CuratorFrameworkImpl.java:64)
	at org.apache.curator.framework.imps.CuratorFrameworkImpl$4.call(CuratorFrameworkImpl.java:267)
	at java.util.concurrent.FutureTask.run(FutureTask.java:266)
	at java.util.concurrent.ScheduledThreadPoolExecutor$ScheduledFutureTask.access$201(ScheduledThreadPoolExecutor.java:180)
	at java.util.concurrent.ScheduledThreadPoolExecutor$ScheduledFutureTask.run(ScheduledThreadPoolExecutor.java:293)
	at java.util.concurrent.ThreadPoolExecutor.runWorker(ThreadPoolExecutor.java:1149)
	at java.util.concurrent.ThreadPoolExecutor$Worker.run(ThreadPoolExecutor.java:624)
	at java.lang.Thread.run(Thread.java:748)

2022-06-03 14:49:33.780  INFO 68071 --- [main] o.s.b.w.embedded.tomcat.TomcatWebServer  : Tomcat initialized with port(s): 0 (http)
2022-06-03 14:49:33.785  INFO 68071 --- [main] w.s.c.ServletWebServerApplicationContext : Root WebApplicationContext: initialization completed in 413 ms
2022-06-03 14:49:33.920  INFO 68071 --- [main] pertySourcedRequestMappingHandlerMapping : Mapped URL path [/v2/api-docs] onto method [springfox.documentation.swagger2.web.Swagger2Controller#getDocumentation(String, HttpServletRequest)]
2022-06-03 14:49:33.953  INFO 68071 --- [main] o.s.s.concurrent.ThreadPoolTaskExecutor  : Initializing ExecutorService 'applicationTaskExecutor'
2022-06-03 14:49:33.960  INFO 68071 --- [main] o.s.b.a.w.s.WelcomePageHandlerMapping    : Adding welcome page: class path resource [static/index.html]
2022-06-03 14:49:34.006  INFO 68071 --- [main] d.s.w.p.DocumentationPluginsBootstrapper : Context refreshed
2022-06-03 14:49:34.007  INFO 68071 --- [main] d.s.w.p.DocumentationPluginsBootstrapper : Found 1 custom documentation plugin(s)
2022-06-03 14:49:34.022  INFO 68071 --- [main] s.d.s.w.s.ApiListingReferenceScanner     : Scanning for api listing references
2022-06-03 14:49:34.090  INFO 68071 --- [main] .d.s.w.r.o.CachingOperationNameGenerator : Generating unique operation named: disableRouteUsingPUT_1
2022-06-03 14:49:34.091  INFO 68071 --- [main] .d.s.w.r.o.CachingOperationNameGenerator : Generating unique operation named: enableRouteUsingPUT_1
2022-06-03 14:49:34.108  INFO 68071 --- [main] .d.s.w.r.o.CachingOperationNameGenerator : Generating unique operation named: searchServiceUsingGET_1
2022-06-03 14:49:34.140  INFO 68071 --- [main] .d.s.w.r.o.CachingOperationNameGenerator : Generating unique operation named: createRuleUsingPOST_1
2022-06-03 14:49:34.141  INFO 68071 --- [main] .d.s.w.r.o.CachingOperationNameGenerator : Generating unique operation named: deleteRouteUsingDELETE_1
2022-06-03 14:49:34.144  INFO 68071 --- [main] .d.s.w.r.o.CachingOperationNameGenerator : Generating unique operation named: detailRouteUsingGET_1
2022-06-03 14:49:34.145  INFO 68071 --- [main] .d.s.w.r.o.CachingOperationNameGenerator : Generating unique operation named: disableRouteUsingPUT_2
2022-06-03 14:49:34.145  INFO 68071 --- [main] .d.s.w.r.o.CachingOperationNameGenerator : Generating unique operation named: enableRouteUsingPUT_2
2022-06-03 14:49:34.147  INFO 68071 --- [main] .d.s.w.r.o.CachingOperationNameGenerator : Generating unique operation named: searchRoutesUsingGET_1
2022-06-03 14:49:34.148  INFO 68071 --- [main] .d.s.w.r.o.CachingOperationNameGenerator : Generating unique operation named: updateRuleUsingPUT_1
2022-06-03 14:49:34.163  INFO 68071 --- [main] o.s.b.w.embedded.tomcat.TomcatWebServer  : Tomcat started on port(s): 58010 (http) with context path ''
2022-06-03 14:49:34.172  INFO 68071 --- [http-nio-auto-2-exec-1] o.s.web.servlet.DispatcherServlet        : Initializing Servlet 'dispatcherServlet'
2022-06-03 14:49:34.176 ERROR 68071 --- [Curator-Framework-0] org.apache.curator.ConnectionState       : Connection timed out for connection string (127.0.0.1:57907) and timeout (5000) / elapsed (6014)

org.apache.curator.CuratorConnectionLossException: KeeperErrorCode = ConnectionLoss
	at org.apache.curator.ConnectionState.checkTimeouts(ConnectionState.java:225)
	at org.apache.curator.ConnectionState.getZooKeeper(ConnectionState.java:94)
	at org.apache.curator.CuratorZookeeperClient.getZooKeeper(CuratorZookeeperClient.java:117)
	at org.apache.curator.framework.imps.CuratorFrameworkImpl.performBackgroundOperation(CuratorFrameworkImpl.java:835)
	at org.apache.curator.framework.imps.CuratorFrameworkImpl.backgroundOperationsLoop(CuratorFrameworkImpl.java:809)
	at org.apache.curator.framework.imps.CuratorFrameworkImpl.access$300(CuratorFrameworkImpl.java:64)
	at org.apache.curator.framework.imps.CuratorFrameworkImpl$4.call(CuratorFrameworkImpl.java:267)
	at java.util.concurrent.FutureTask.run(FutureTask.java:266)
	at java.util.concurrent.ScheduledThreadPoolExecutor$ScheduledFutureTask.access$201(ScheduledThreadPoolExecutor.java:180)
	at java.util.concurrent.ScheduledThreadPoolExecutor$ScheduledFutureTask.run(ScheduledThreadPoolExecutor.java:293)
	at java.util.concurrent.ThreadPoolExecutor.runWorker(ThreadPoolExecutor.java:1149)
	at java.util.concurrent.ThreadPoolExecutor$Worker.run(ThreadPoolExecutor.java:624)
	at java.lang.Thread.run(Thread.java:748)

2022-06-03 14:49:34.179 ERROR 68071 --- [Curator-ConnectionStateManager-0] org.apache.curator.ConnectionState       : Connection timed out for connection string (127.0.0.1:57907) and timeout (5000) / elapsed (6016)

org.apache.curator.CuratorConnectionLossException: KeeperErrorCode = ConnectionLoss
	at org.apache.curator.ConnectionState.checkTimeouts(ConnectionState.java:225)
	at org.apache.curator.ConnectionState.getZooKeeper(ConnectionState.java:94)
	at org.apache.curator.CuratorZookeeperClient.getZooKeeper(CuratorZookeeperClient.java:117)
	at org.apache.dubbo.remoting.zookeeper.curator.CuratorZookeeperClient$CuratorConnectionStateListener.stateChanged(CuratorZookeeperClient.java:358)
	at org.apache.curator.framework.state.ConnectionStateManager$2.apply(ConnectionStateManager.java:259)
	at org.apache.curator.framework.state.ConnectionStateManager$2.apply(ConnectionStateManager.java:255)
	at org.apache.curator.framework.listen.ListenerContainer$1.run(ListenerContainer.java:93)
	at org.apache.curator.shaded.com.google.common.util.concurrent.MoreExecutors$SameThreadExecutorService.execute(MoreExecutors.java:297)
	at org.apache.curator.framework.listen.ListenerContainer.forEach(ListenerContainer.java:85)
	at org.apache.curator.framework.state.ConnectionStateManager.processEvents(ConnectionStateManager.java:253)
	at org.apache.curator.framework.state.ConnectionStateManager.access$000(ConnectionStateManager.java:43)
	at org.apache.curator.framework.state.ConnectionStateManager$1.call(ConnectionStateManager.java:111)
	at java.util.concurrent.FutureTask.run(FutureTask.java:266)
	at java.util.concurrent.ThreadPoolExecutor.runWorker(ThreadPoolExecutor.java:1149)
	at java.util.concurrent.ThreadPoolExecutor$Worker.run(ThreadPoolExecutor.java:624)
	at java.lang.Thread.run(Thread.java:748)

2022-06-03 14:49:34.180 ERROR 68071 --- [Curator-Framework-0] o.a.c.f.imps.CuratorFrameworkImpl        : Background operation retry gave up

org.apache.zookeeper.KeeperException$ConnectionLossException: KeeperErrorCode = ConnectionLoss
	at org.apache.zookeeper.KeeperException.create(KeeperException.java:102)
	at org.apache.curator.framework.imps.CuratorFrameworkImpl.checkBackgroundRetry(CuratorFrameworkImpl.java:728)
	at org.apache.curator.framework.imps.CuratorFrameworkImpl.performBackgroundOperation(CuratorFrameworkImpl.java:857)
	at org.apache.curator.framework.imps.CuratorFrameworkImpl.backgroundOperationsLoop(CuratorFrameworkImpl.java:809)
	at org.apache.curator.framework.imps.CuratorFrameworkImpl.access$300(CuratorFrameworkImpl.java:64)
	at org.apache.curator.framework.imps.CuratorFrameworkImpl$4.call(CuratorFrameworkImpl.java:267)
	at java.util.concurrent.FutureTask.run(FutureTask.java:266)
	at java.util.concurrent.ScheduledThreadPoolExecutor$ScheduledFutureTask.access$201(ScheduledThreadPoolExecutor.java:180)
	at java.util.concurrent.ScheduledThreadPoolExecutor$ScheduledFutureTask.run(ScheduledThreadPoolExecutor.java:293)
	at java.util.concurrent.ThreadPoolExecutor.runWorker(ThreadPoolExecutor.java:1149)
	at java.util.concurrent.ThreadPoolExecutor$Worker.run(ThreadPoolExecutor.java:624)
	at java.lang.Thread.run(Thread.java:748)

2022-06-03 14:49:34.180 ERROR 68071 --- [Curator-Framework-0] o.a.c.f.imps.CuratorFrameworkImpl        : Background retry gave up

org.apache.curator.CuratorConnectionLossException: KeeperErrorCode = ConnectionLoss
	at org.apache.curator.ConnectionState.checkTimeouts(ConnectionState.java:225)
	at org.apache.curator.ConnectionState.getZooKeeper(ConnectionState.java:94)
	at org.apache.curator.CuratorZookeeperClient.getZooKeeper(CuratorZookeeperClient.java:117)
	at org.apache.curator.framework.imps.CuratorFrameworkImpl.performBackgroundOperation(CuratorFrameworkImpl.java:835)
	at org.apache.curator.framework.imps.CuratorFrameworkImpl.backgroundOperationsLoop(CuratorFrameworkImpl.java:809)
	at org.apache.curator.framework.imps.CuratorFrameworkImpl.access$300(CuratorFrameworkImpl.java:64)
	at org.apache.curator.framework.imps.CuratorFrameworkImpl$4.call(CuratorFrameworkImpl.java:267)
	at java.util.concurrent.FutureTask.run(FutureTask.java:266)
	at java.util.concurrent.ScheduledThreadPoolExecutor$ScheduledFutureTask.access$201(ScheduledThreadPoolExecutor.java:180)
	at java.util.concurrent.ScheduledThreadPoolExecutor$ScheduledFutureTask.run(ScheduledThreadPoolExecutor.java:293)
	at java.util.concurrent.ThreadPoolExecutor.runWorker(ThreadPoolExecutor.java:1149)
	at java.util.concurrent.ThreadPoolExecutor$Worker.run(ThreadPoolExecutor.java:624)
	at java.lang.Thread.run(Thread.java:748)

2022-06-03 14:49:34.190  INFO 68071 --- [http-nio-auto-2-exec-1] o.s.web.servlet.DispatcherServlet        : Completed initialization in 18 ms
2022-06-03 14:49:34.665  INFO 68071 --- [main] o.s.b.w.embedded.tomcat.TomcatWebServer  : Tomcat initialized with port(s): 0 (http)
2022-06-03 14:49:34.670  INFO 68071 --- [main] w.s.c.ServletWebServerApplicationContext : Root WebApplicationContext: initialization completed in 314 ms
2022-06-03 14:49:34.786  INFO 68071 --- [main] pertySourcedRequestMappingHandlerMapping : Mapped URL path [/v2/api-docs] onto method [springfox.documentation.swagger2.web.Swagger2Controller#getDocumentation(String, HttpServletRequest)]
2022-06-03 14:49:34.813  INFO 68071 --- [main] o.s.s.concurrent.ThreadPoolTaskExecutor  : Initializing ExecutorService 'applicationTaskExecutor'
2022-06-03 14:49:34.819  INFO 68071 --- [main] o.s.b.a.w.s.WelcomePageHandlerMapping    : Adding welcome page: class path resource [static/index.html]
2022-06-03 14:49:34.862  INFO 68071 --- [main] d.s.w.p.DocumentationPluginsBootstrapper : Context refreshed
2022-06-03 14:49:34.862  INFO 68071 --- [main] d.s.w.p.DocumentationPluginsBootstrapper : Found 1 custom documentation plugin(s)
2022-06-03 14:49:34.875  INFO 68071 --- [main] s.d.s.w.s.ApiListingReferenceScanner     : Scanning for api listing references
2022-06-03 14:49:34.927  INFO 68071 --- [main] .d.s.w.r.o.CachingOperationNameGenerator : Generating unique operation named: disableRouteUsingPUT_1
2022-06-03 14:49:34.929  INFO 68071 --- [main] .d.s.w.r.o.CachingOperationNameGenerator : Generating unique operation named: enableRouteUsingPUT_1
2022-06-03 14:49:34.943  INFO 68071 --- [main] .d.s.w.r.o.CachingOperationNameGenerator : Generating unique operation named: searchServiceUsingGET_1
2022-06-03 14:49:34.971  INFO 68071 --- [main] .d.s.w.r.o.CachingOperationNameGenerator : Generating unique operation named: createRuleUsingPOST_1
2022-06-03 14:49:34.972  INFO 68071 --- [main] .d.s.w.r.o.CachingOperationNameGenerator : Generating unique operation named: deleteRouteUsingDELETE_1
2022-06-03 14:49:34.974  INFO 68071 --- [main] .d.s.w.r.o.CachingOperationNameGenerator : Generating unique operation named: detailRouteUsingGET_1
2022-06-03 14:49:34.974  INFO 68071 --- [main] .d.s.w.r.o.CachingOperationNameGenerator : Generating unique operation named: disableRouteUsingPUT_2
2022-06-03 14:49:34.975  INFO 68071 --- [main] .d.s.w.r.o.CachingOperationNameGenerator : Generating unique operation named: enableRouteUsingPUT_2
2022-06-03 14:49:34.976  INFO 68071 --- [main] .d.s.w.r.o.CachingOperationNameGenerator : Generating unique operation named: searchRoutesUsingGET_1
2022-06-03 14:49:34.979  INFO 68071 --- [main] .d.s.w.r.o.CachingOperationNameGenerator : Generating unique operation named: updateRuleUsingPUT_1
2022-06-03 14:49:34.995  INFO 68071 --- [main] o.s.b.w.embedded.tomcat.TomcatWebServer  : Tomcat started on port(s): 58035 (http) with context path ''
2022-06-03 14:49:35.005  INFO 68071 --- [http-nio-auto-3-exec-1] o.s.web.servlet.DispatcherServlet        : Initializing Servlet 'dispatcherServlet'
2022-06-03 14:49:35.011  INFO 68071 --- [http-nio-auto-3-exec-1] o.s.web.servlet.DispatcherServlet        : Completed initialization in 6 ms
2022-06-03 14:49:35.500  INFO 68071 --- [main] com.pszymczyk.consul.ConsulStarter       : Starting new Consul process.
2022-06-03 14:49:35.512  INFO 68071 --- [main] com.pszymczyk.consul.ConsulStarter       : Downloading archives into: /var/folders/jb/1cdf2n056rl6fzxykk63kz7c0000gn/T/embedded-consul-1.1.0/consul.zip
2022-06-03 14:49:39.580  INFO 68071 --- [main] com.pszymczyk.consul.ConsulStarter       : Unzipping binaries into: /var/folders/jb/1cdf2n056rl6fzxykk63kz7c0000gn/T/embedded-consul-1.1.0
2022-06-03 14:49:40.492  INFO 68071 --- [main] com.pszymczyk.consul.ConsulStarter       : Creating ports configuration file: /var/folders/jb/1cdf2n056rl6fzxykk63kz7c0000gn/T/embedded-consul-config-dir1263752377950028683/basic_config.json
2022-06-03 14:49:40.557  INFO 68071 --- [embedded-consul] com.pszymczyk.consul.ConsulStarter       : ==> Starting Consul agent...
2022-06-03 14:49:40.558  INFO 68071 --- [embedded-consul] com.pszymczyk.consul.ConsulStarter       : ==> Consul agent running!
2022-06-03 14:49:40.558  INFO 68071 --- [embedded-consul] com.pszymczyk.consul.ConsulStarter       :            Version: 'v1.1.0'
2022-06-03 14:49:40.558  INFO 68071 --- [embedded-consul] com.pszymczyk.consul.ConsulStarter       :            Node ID: '4f30e154-2323-5c06-2634-efb2bfb62843'
2022-06-03 14:49:40.558  INFO 68071 --- [embedded-consul] com.pszymczyk.consul.ConsulStarter       :          Node name: 'node-1be098aeae'
2022-06-03 14:49:40.558  INFO 68071 --- [embedded-consul] com.pszymczyk.consul.ConsulStarter       :         Datacenter: 'dc1' (Segment: '<all>')
2022-06-03 14:49:40.558  INFO 68071 --- [embedded-consul] com.pszymczyk.consul.ConsulStarter       :             Server: true (Bootstrap: false)
2022-06-03 14:49:40.558  INFO 68071 --- [embedded-consul] com.pszymczyk.consul.ConsulStarter       :        Client Addr: [127.0.0.1] (HTTP: 58067, HTTPS: -1, DNS: 58069)
2022-06-03 14:49:40.559  INFO 68071 --- [embedded-consul] com.pszymczyk.consul.ConsulStarter       :       Cluster Addr: 127.0.0.1 (LAN: 58070, WAN: 58071)
2022-06-03 14:49:40.559  INFO 68071 --- [embedded-consul] com.pszymczyk.consul.ConsulStarter       :            Encrypt: Gossip: false, TLS-Outgoing: false, TLS-Incoming: false
2022-06-03 14:49:40.559  INFO 68071 --- [embedded-consul] com.pszymczyk.consul.ConsulStarter       : 
2022-06-03 14:49:40.559  INFO 68071 --- [embedded-consul] com.pszymczyk.consul.ConsulStarter       : ==> Log data will now stream in as it occurs:
2022-06-03 14:49:40.559  INFO 68071 --- [embedded-consul] com.pszymczyk.consul.ConsulStarter       : 
2022-06-03 14:49:40.594  INFO 68071 --- [main] com.pszymczyk.consul.ConsulStarter       : Starting Consul process on port 58067
2022-06-03 14:49:40.877  INFO 68071 --- [main] com.pszymczyk.consul.ConsulStarter       : Consul process started
2022-06-03 14:49:40.913  INFO 68071 --- [main] com.pszymczyk.consul.ConsulProcess       : Stopping Consul process
2022-06-03 14:49:40.915  INFO 68071 --- [main] com.pszymczyk.consul.ConsulProcess       : Stopped Consul process
2022-06-03 14:49:40.919  INFO 68071 --- [main] com.pszymczyk.consul.ConsulStarter       : Starting new Consul process.
2022-06-03 14:49:40.920  INFO 68071 --- [main] com.pszymczyk.consul.ConsulStarter       : Creating ports configuration file: /var/folders/jb/1cdf2n056rl6fzxykk63kz7c0000gn/T/embedded-consul-config-dir4912303447236165612/basic_config.json
2022-06-03 14:49:40.926  INFO 68071 --- [main] com.pszymczyk.consul.ConsulStarter       : Starting Consul process on port 58167
2022-06-03 14:49:40.958  INFO 68071 --- [embedded-consul] com.pszymczyk.consul.ConsulStarter       : ==> Starting Consul agent...
2022-06-03 14:49:40.963  INFO 68071 --- [embedded-consul] com.pszymczyk.consul.ConsulStarter       : ==> Consul agent running!
2022-06-03 14:49:40.964  INFO 68071 --- [embedded-consul] com.pszymczyk.consul.ConsulStarter       :            Version: 'v1.1.0'
2022-06-03 14:49:40.964  INFO 68071 --- [embedded-consul] com.pszymczyk.consul.ConsulStarter       :            Node ID: 'c07f8253-c823-aa83-5535-1ee5624d06c7'
2022-06-03 14:49:40.964  INFO 68071 --- [embedded-consul] com.pszymczyk.consul.ConsulStarter       :          Node name: 'node-8545718ef2'
2022-06-03 14:49:40.964  INFO 68071 --- [embedded-consul] com.pszymczyk.consul.ConsulStarter       :         Datacenter: 'dc1' (Segment: '<all>')
2022-06-03 14:49:40.964  INFO 68071 --- [embedded-consul] com.pszymczyk.consul.ConsulStarter       :             Server: true (Bootstrap: false)
2022-06-03 14:49:40.964  INFO 68071 --- [embedded-consul] com.pszymczyk.consul.ConsulStarter       :        Client Addr: [127.0.0.1] (HTTP: 58167, HTTPS: -1, DNS: 58168)
2022-06-03 14:49:40.965  INFO 68071 --- [embedded-consul] com.pszymczyk.consul.ConsulStarter       :       Cluster Addr: 127.0.0.1 (LAN: 58169, WAN: 58170)
2022-06-03 14:49:40.965  INFO 68071 --- [embedded-consul] com.pszymczyk.consul.ConsulStarter       :            Encrypt: Gossip: false, TLS-Outgoing: false, TLS-Incoming: false
2022-06-03 14:49:40.965  INFO 68071 --- [embedded-consul] com.pszymczyk.consul.ConsulStarter       : 
2022-06-03 14:49:40.965  INFO 68071 --- [embedded-consul] com.pszymczyk.consul.ConsulStarter       : ==> Log data will now stream in as it occurs:
2022-06-03 14:49:40.965  INFO 68071 --- [embedded-consul] com.pszymczyk.consul.ConsulStarter       : 
2022-06-03 14:49:41.142  INFO 68071 --- [main] com.pszymczyk.consul.ConsulStarter       : Consul process started
2022-06-03 14:49:41.165  INFO 68071 --- [main] com.pszymczyk.consul.ConsulProcess       : Stopping Consul process
2022-06-03 14:49:41.166  INFO 68071 --- [main] com.pszymczyk.consul.ConsulProcess       : Stopped Consul process
2022-06-03 14:49:41.404  INFO 68071 --- [SpringContextShutdownHook] o.s.s.concurrent.ThreadPoolTaskExecutor  : Shutting down ExecutorService 'applicationTaskExecutor'
2022-06-03 14:49:41.404  INFO 68071 --- [SpringContextShutdownHook] o.s.s.concurrent.ThreadPoolTaskExecutor  : Shutting down ExecutorService 'applicationTaskExecutor'
2022-06-03 14:49:41.404  INFO 68071 --- [SpringContextShutdownHook] o.s.s.concurrent.ThreadPoolTaskExecutor  : Shutting down ExecutorService 'applicationTaskExecutor'
2022-06-03 15:35:17.866  INFO 71063 --- [main] o.s.b.w.embedded.tomcat.TomcatWebServer  : Tomcat initialized with port(s): 0 (http)
2022-06-03 15:35:17.970  INFO 71063 --- [main] w.s.c.ServletWebServerApplicationContext : Root WebApplicationContext: initialization completed in 1646 ms
2022-06-03 15:35:18.714  INFO 71063 --- [main] pertySourcedRequestMappingHandlerMapping : Mapped URL path [/v2/api-docs] onto method [springfox.documentation.swagger2.web.Swagger2Controller#getDocumentation(String, HttpServletRequest)]
2022-06-03 15:35:18.951  INFO 71063 --- [main] o.s.s.concurrent.ThreadPoolTaskExecutor  : Initializing ExecutorService 'applicationTaskExecutor'
2022-06-03 15:35:19.021  INFO 71063 --- [main] o.s.b.a.w.s.WelcomePageHandlerMapping    : Adding welcome page: class path resource [static/index.html]
2022-06-03 15:35:19.842  INFO 71063 --- [main] d.s.w.p.DocumentationPluginsBootstrapper : Context refreshed
2022-06-03 15:35:19.871  INFO 71063 --- [main] d.s.w.p.DocumentationPluginsBootstrapper : Found 1 custom documentation plugin(s)
2022-06-03 15:35:19.928  INFO 71063 --- [main] s.d.s.w.s.ApiListingReferenceScanner     : Scanning for api listing references
2022-06-03 15:35:20.141  INFO 71063 --- [main] .d.s.w.r.o.CachingOperationNameGenerator : Generating unique operation named: disableRouteUsingPUT_1
2022-06-03 15:35:20.142  INFO 71063 --- [main] .d.s.w.r.o.CachingOperationNameGenerator : Generating unique operation named: enableRouteUsingPUT_1
2022-06-03 15:35:20.178  INFO 71063 --- [main] .d.s.w.r.o.CachingOperationNameGenerator : Generating unique operation named: searchServiceUsingGET_1
2022-06-03 15:35:20.228  INFO 71063 --- [main] .d.s.w.r.o.CachingOperationNameGenerator : Generating unique operation named: createRuleUsingPOST_1
2022-06-03 15:35:20.229  INFO 71063 --- [main] .d.s.w.r.o.CachingOperationNameGenerator : Generating unique operation named: deleteRouteUsingDELETE_1
2022-06-03 15:35:20.232  INFO 71063 --- [main] .d.s.w.r.o.CachingOperationNameGenerator : Generating unique operation named: detailRouteUsingGET_1
2022-06-03 15:35:20.234  INFO 71063 --- [main] .d.s.w.r.o.CachingOperationNameGenerator : Generating unique operation named: disableRouteUsingPUT_2
2022-06-03 15:35:20.235  INFO 71063 --- [main] .d.s.w.r.o.CachingOperationNameGenerator : Generating unique operation named: enableRouteUsingPUT_2
2022-06-03 15:35:20.237  INFO 71063 --- [main] .d.s.w.r.o.CachingOperationNameGenerator : Generating unique operation named: searchRoutesUsingGET_1
2022-06-03 15:35:20.238  INFO 71063 --- [main] .d.s.w.r.o.CachingOperationNameGenerator : Generating unique operation named: updateRuleUsingPUT_1
2022-06-03 15:35:20.284  INFO 71063 --- [main] o.s.b.w.embedded.tomcat.TomcatWebServer  : Tomcat started on port(s): 61274 (http) with context path ''
2022-06-03 15:35:20.463  INFO 71063 --- [http-nio-auto-1-exec-1] o.s.web.servlet.DispatcherServlet        : Initializing Servlet 'dispatcherServlet'
2022-06-03 15:35:20.492  INFO 71063 --- [http-nio-auto-1-exec-1] o.s.web.servlet.DispatcherServlet        : Completed initialization in 29 ms
2022-06-03 15:35:20.569 ERROR 71063 --- [main-EventThread] o.a.c.f.imps.CuratorFrameworkImpl        : Watcher exception

org.apache.zookeeper.KeeperException$NoNodeException: KeeperErrorCode = NoNode for /dubbo
	at org.apache.zookeeper.KeeperException.create(KeeperException.java:118)
	at org.apache.zookeeper.KeeperException.create(KeeperException.java:54)
	at org.apache.zookeeper.ZooKeeper.getChildren(ZooKeeper.java:2619)
	at org.apache.curator.framework.imps.GetChildrenBuilderImpl$3.call(GetChildrenBuilderImpl.java:230)
	at org.apache.curator.framework.imps.GetChildrenBuilderImpl$3.call(GetChildrenBuilderImpl.java:219)
	at org.apache.curator.RetryLoop.callWithRetry(RetryLoop.java:109)
	at org.apache.curator.framework.imps.GetChildrenBuilderImpl.pathInForeground(GetChildrenBuilderImpl.java:216)
	at org.apache.curator.framework.imps.GetChildrenBuilderImpl.forPath(GetChildrenBuilderImpl.java:207)
	at org.apache.curator.framework.imps.GetChildrenBuilderImpl.forPath(GetChildrenBuilderImpl.java:40)
	at org.apache.dubbo.remoting.zookeeper.curator.CuratorZookeeperClient$CuratorWatcherImpl.process(CuratorZookeeperClient.java:293)
	at org.apache.curator.framework.imps.NamespaceWatcher.process(NamespaceWatcher.java:68)
	at org.apache.zookeeper.ClientCnxn$EventThread.processEvent(ClientCnxn.java:525)
	at org.apache.zookeeper.ClientCnxn$EventThread.run(ClientCnxn.java:500)

2022-06-03 15:35:20.642 ERROR 71063 --- [Curator-Framework-0] org.apache.curator.ConnectionState       : Connection timed out for connection string (127.0.0.1:61196) and timeout (5000) / elapsed (5011)

org.apache.curator.CuratorConnectionLossException: KeeperErrorCode = ConnectionLoss
	at org.apache.curator.ConnectionState.checkTimeouts(ConnectionState.java:225)
	at org.apache.curator.ConnectionState.getZooKeeper(ConnectionState.java:94)
	at org.apache.curator.CuratorZookeeperClient.getZooKeeper(CuratorZookeeperClient.java:117)
	at org.apache.curator.framework.imps.CuratorFrameworkImpl.performBackgroundOperation(CuratorFrameworkImpl.java:835)
	at org.apache.curator.framework.imps.CuratorFrameworkImpl.backgroundOperationsLoop(CuratorFrameworkImpl.java:809)
	at org.apache.curator.framework.imps.CuratorFrameworkImpl.access$300(CuratorFrameworkImpl.java:64)
	at org.apache.curator.framework.imps.CuratorFrameworkImpl$4.call(CuratorFrameworkImpl.java:267)
	at java.util.concurrent.FutureTask.run(FutureTask.java:266)
	at java.util.concurrent.ScheduledThreadPoolExecutor$ScheduledFutureTask.access$201(ScheduledThreadPoolExecutor.java:180)
	at java.util.concurrent.ScheduledThreadPoolExecutor$ScheduledFutureTask.run(ScheduledThreadPoolExecutor.java:293)
	at java.util.concurrent.ThreadPoolExecutor.runWorker(ThreadPoolExecutor.java:1149)
	at java.util.concurrent.ThreadPoolExecutor$Worker.run(ThreadPoolExecutor.java:624)
	at java.lang.Thread.run(Thread.java:748)

2022-06-03 15:35:21.376  INFO 71063 --- [main] o.s.b.w.embedded.tomcat.TomcatWebServer  : Tomcat initialized with port(s): 0 (http)
2022-06-03 15:35:21.381  INFO 71063 --- [main] w.s.c.ServletWebServerApplicationContext : Root WebApplicationContext: initialization completed in 349 ms
2022-06-03 15:35:21.538  INFO 71063 --- [main] pertySourcedRequestMappingHandlerMapping : Mapped URL path [/v2/api-docs] onto method [springfox.documentation.swagger2.web.Swagger2Controller#getDocumentation(String, HttpServletRequest)]
2022-06-03 15:35:21.576  INFO 71063 --- [main] o.s.s.concurrent.ThreadPoolTaskExecutor  : Initializing ExecutorService 'applicationTaskExecutor'
2022-06-03 15:35:21.587  INFO 71063 --- [main] o.s.b.a.w.s.WelcomePageHandlerMapping    : Adding welcome page: class path resource [static/index.html]
2022-06-03 15:35:21.641  INFO 71063 --- [main] d.s.w.p.DocumentationPluginsBootstrapper : Context refreshed
2022-06-03 15:35:21.642  INFO 71063 --- [main] d.s.w.p.DocumentationPluginsBootstrapper : Found 1 custom documentation plugin(s)
2022-06-03 15:35:21.646 ERROR 71063 --- [Curator-Framework-0] org.apache.curator.ConnectionState       : Connection timed out for connection string (127.0.0.1:61196) and timeout (5000) / elapsed (6015)

org.apache.curator.CuratorConnectionLossException: KeeperErrorCode = ConnectionLoss
	at org.apache.curator.ConnectionState.checkTimeouts(ConnectionState.java:225)
	at org.apache.curator.ConnectionState.getZooKeeper(ConnectionState.java:94)
	at org.apache.curator.CuratorZookeeperClient.getZooKeeper(CuratorZookeeperClient.java:117)
	at org.apache.curator.framework.imps.CuratorFrameworkImpl.performBackgroundOperation(CuratorFrameworkImpl.java:835)
	at org.apache.curator.framework.imps.CuratorFrameworkImpl.backgroundOperationsLoop(CuratorFrameworkImpl.java:809)
	at org.apache.curator.framework.imps.CuratorFrameworkImpl.access$300(CuratorFrameworkImpl.java:64)
	at org.apache.curator.framework.imps.CuratorFrameworkImpl$4.call(CuratorFrameworkImpl.java:267)
	at java.util.concurrent.FutureTask.run(FutureTask.java:266)
	at java.util.concurrent.ScheduledThreadPoolExecutor$ScheduledFutureTask.access$201(ScheduledThreadPoolExecutor.java:180)
	at java.util.concurrent.ScheduledThreadPoolExecutor$ScheduledFutureTask.run(ScheduledThreadPoolExecutor.java:293)
	at java.util.concurrent.ThreadPoolExecutor.runWorker(ThreadPoolExecutor.java:1149)
	at java.util.concurrent.ThreadPoolExecutor$Worker.run(ThreadPoolExecutor.java:624)
	at java.lang.Thread.run(Thread.java:748)

2022-06-03 15:35:21.646 ERROR 71063 --- [Curator-ConnectionStateManager-0] org.apache.curator.ConnectionState       : Connection timed out for connection string (127.0.0.1:61196) and timeout (5000) / elapsed (6015)

org.apache.curator.CuratorConnectionLossException: KeeperErrorCode = ConnectionLoss
	at org.apache.curator.ConnectionState.checkTimeouts(ConnectionState.java:225)
	at org.apache.curator.ConnectionState.getZooKeeper(ConnectionState.java:94)
	at org.apache.curator.CuratorZookeeperClient.getZooKeeper(CuratorZookeeperClient.java:117)
	at org.apache.dubbo.remoting.zookeeper.curator.CuratorZookeeperClient$CuratorConnectionStateListener.stateChanged(CuratorZookeeperClient.java:358)
	at org.apache.curator.framework.state.ConnectionStateManager$2.apply(ConnectionStateManager.java:259)
	at org.apache.curator.framework.state.ConnectionStateManager$2.apply(ConnectionStateManager.java:255)
	at org.apache.curator.framework.listen.ListenerContainer$1.run(ListenerContainer.java:93)
	at org.apache.curator.shaded.com.google.common.util.concurrent.MoreExecutors$SameThreadExecutorService.execute(MoreExecutors.java:297)
	at org.apache.curator.framework.listen.ListenerContainer.forEach(ListenerContainer.java:85)
	at org.apache.curator.framework.state.ConnectionStateManager.processEvents(ConnectionStateManager.java:253)
	at org.apache.curator.framework.state.ConnectionStateManager.access$000(ConnectionStateManager.java:43)
	at org.apache.curator.framework.state.ConnectionStateManager$1.call(ConnectionStateManager.java:111)
	at java.util.concurrent.FutureTask.run(FutureTask.java:266)
	at java.util.concurrent.ThreadPoolExecutor.runWorker(ThreadPoolExecutor.java:1149)
	at java.util.concurrent.ThreadPoolExecutor$Worker.run(ThreadPoolExecutor.java:624)
	at java.lang.Thread.run(Thread.java:748)

2022-06-03 15:35:21.646 ERROR 71063 --- [Curator-Framework-0] o.a.c.f.imps.CuratorFrameworkImpl        : Background operation retry gave up

org.apache.zookeeper.KeeperException$ConnectionLossException: KeeperErrorCode = ConnectionLoss
	at org.apache.zookeeper.KeeperException.create(KeeperException.java:102)
	at org.apache.curator.framework.imps.CuratorFrameworkImpl.checkBackgroundRetry(CuratorFrameworkImpl.java:728)
	at org.apache.curator.framework.imps.CuratorFrameworkImpl.performBackgroundOperation(CuratorFrameworkImpl.java:857)
	at org.apache.curator.framework.imps.CuratorFrameworkImpl.backgroundOperationsLoop(CuratorFrameworkImpl.java:809)
	at org.apache.curator.framework.imps.CuratorFrameworkImpl.access$300(CuratorFrameworkImpl.java:64)
	at org.apache.curator.framework.imps.CuratorFrameworkImpl$4.call(CuratorFrameworkImpl.java:267)
	at java.util.concurrent.FutureTask.run(FutureTask.java:266)
	at java.util.concurrent.ScheduledThreadPoolExecutor$ScheduledFutureTask.access$201(ScheduledThreadPoolExecutor.java:180)
	at java.util.concurrent.ScheduledThreadPoolExecutor$ScheduledFutureTask.run(ScheduledThreadPoolExecutor.java:293)
	at java.util.concurrent.ThreadPoolExecutor.runWorker(ThreadPoolExecutor.java:1149)
	at java.util.concurrent.ThreadPoolExecutor$Worker.run(ThreadPoolExecutor.java:624)
	at java.lang.Thread.run(Thread.java:748)

2022-06-03 15:35:21.646 ERROR 71063 --- [Curator-Framework-0] o.a.c.f.imps.CuratorFrameworkImpl        : Background retry gave up

org.apache.curator.CuratorConnectionLossException: KeeperErrorCode = ConnectionLoss
	at org.apache.curator.ConnectionState.checkTimeouts(ConnectionState.java:225)
	at org.apache.curator.ConnectionState.getZooKeeper(ConnectionState.java:94)
	at org.apache.curator.CuratorZookeeperClient.getZooKeeper(CuratorZookeeperClient.java:117)
	at org.apache.curator.framework.imps.CuratorFrameworkImpl.performBackgroundOperation(CuratorFrameworkImpl.java:835)
	at org.apache.curator.framework.imps.CuratorFrameworkImpl.backgroundOperationsLoop(CuratorFrameworkImpl.java:809)
	at org.apache.curator.framework.imps.CuratorFrameworkImpl.access$300(CuratorFrameworkImpl.java:64)
	at org.apache.curator.framework.imps.CuratorFrameworkImpl$4.call(CuratorFrameworkImpl.java:267)
	at java.util.concurrent.FutureTask.run(FutureTask.java:266)
	at java.util.concurrent.ScheduledThreadPoolExecutor$ScheduledFutureTask.access$201(ScheduledThreadPoolExecutor.java:180)
	at java.util.concurrent.ScheduledThreadPoolExecutor$ScheduledFutureTask.run(ScheduledThreadPoolExecutor.java:293)
	at java.util.concurrent.ThreadPoolExecutor.runWorker(ThreadPoolExecutor.java:1149)
	at java.util.concurrent.ThreadPoolExecutor$Worker.run(ThreadPoolExecutor.java:624)
	at java.lang.Thread.run(Thread.java:748)

2022-06-03 15:35:21.659  INFO 71063 --- [main] s.d.s.w.s.ApiListingReferenceScanner     : Scanning for api listing references
2022-06-03 15:35:21.725  INFO 71063 --- [main] .d.s.w.r.o.CachingOperationNameGenerator : Generating unique operation named: disableRouteUsingPUT_1
2022-06-03 15:35:21.726  INFO 71063 --- [main] .d.s.w.r.o.CachingOperationNameGenerator : Generating unique operation named: enableRouteUsingPUT_1
2022-06-03 15:35:21.745  INFO 71063 --- [main] .d.s.w.r.o.CachingOperationNameGenerator : Generating unique operation named: searchServiceUsingGET_1
2022-06-03 15:35:21.774  INFO 71063 --- [main] .d.s.w.r.o.CachingOperationNameGenerator : Generating unique operation named: createRuleUsingPOST_1
2022-06-03 15:35:21.775  INFO 71063 --- [main] .d.s.w.r.o.CachingOperationNameGenerator : Generating unique operation named: deleteRouteUsingDELETE_1
2022-06-03 15:35:21.777  INFO 71063 --- [main] .d.s.w.r.o.CachingOperationNameGenerator : Generating unique operation named: detailRouteUsingGET_1
2022-06-03 15:35:21.779  INFO 71063 --- [main] .d.s.w.r.o.CachingOperationNameGenerator : Generating unique operation named: disableRouteUsingPUT_2
2022-06-03 15:35:21.780  INFO 71063 --- [main] .d.s.w.r.o.CachingOperationNameGenerator : Generating unique operation named: enableRouteUsingPUT_2
2022-06-03 15:35:21.782  INFO 71063 --- [main] .d.s.w.r.o.CachingOperationNameGenerator : Generating unique operation named: searchRoutesUsingGET_1
2022-06-03 15:35:21.783  INFO 71063 --- [main] .d.s.w.r.o.CachingOperationNameGenerator : Generating unique operation named: updateRuleUsingPUT_1
2022-06-03 15:35:21.803  INFO 71063 --- [main] o.s.b.w.embedded.tomcat.TomcatWebServer  : Tomcat started on port(s): 61305 (http) with context path ''
2022-06-03 15:35:21.818  INFO 71063 --- [http-nio-auto-2-exec-1] o.s.web.servlet.DispatcherServlet        : Initializing Servlet 'dispatcherServlet'
2022-06-03 15:35:21.838  INFO 71063 --- [http-nio-auto-2-exec-1] o.s.web.servlet.DispatcherServlet        : Completed initialization in 20 ms
2022-06-03 15:35:22.327  INFO 71063 --- [main] o.s.b.w.embedded.tomcat.TomcatWebServer  : Tomcat initialized with port(s): 0 (http)
2022-06-03 15:35:22.332  INFO 71063 --- [main] w.s.c.ServletWebServerApplicationContext : Root WebApplicationContext: initialization completed in 336 ms
2022-06-03 15:35:22.462  INFO 71063 --- [main] pertySourcedRequestMappingHandlerMapping : Mapped URL path [/v2/api-docs] onto method [springfox.documentation.swagger2.web.Swagger2Controller#getDocumentation(String, HttpServletRequest)]
2022-06-03 15:35:22.491  INFO 71063 --- [main] o.s.s.concurrent.ThreadPoolTaskExecutor  : Initializing ExecutorService 'applicationTaskExecutor'
2022-06-03 15:35:22.498  INFO 71063 --- [main] o.s.b.a.w.s.WelcomePageHandlerMapping    : Adding welcome page: class path resource [static/index.html]
2022-06-03 15:35:22.541  INFO 71063 --- [main] d.s.w.p.DocumentationPluginsBootstrapper : Context refreshed
2022-06-03 15:35:22.541  INFO 71063 --- [main] d.s.w.p.DocumentationPluginsBootstrapper : Found 1 custom documentation plugin(s)
2022-06-03 15:35:22.558  INFO 71063 --- [main] s.d.s.w.s.ApiListingReferenceScanner     : Scanning for api listing references
2022-06-03 15:35:22.638  INFO 71063 --- [main] .d.s.w.r.o.CachingOperationNameGenerator : Generating unique operation named: disableRouteUsingPUT_1
2022-06-03 15:35:22.640  INFO 71063 --- [main] .d.s.w.r.o.CachingOperationNameGenerator : Generating unique operation named: enableRouteUsingPUT_1
2022-06-03 15:35:22.655  INFO 71063 --- [main] .d.s.w.r.o.CachingOperationNameGenerator : Generating unique operation named: searchServiceUsingGET_1
2022-06-03 15:35:22.695  INFO 71063 --- [main] .d.s.w.r.o.CachingOperationNameGenerator : Generating unique operation named: createRuleUsingPOST_1
2022-06-03 15:35:22.697  INFO 71063 --- [main] .d.s.w.r.o.CachingOperationNameGenerator : Generating unique operation named: deleteRouteUsingDELETE_1
2022-06-03 15:35:22.699  INFO 71063 --- [main] .d.s.w.r.o.CachingOperationNameGenerator : Generating unique operation named: detailRouteUsingGET_1
2022-06-03 15:35:22.700  INFO 71063 --- [main] .d.s.w.r.o.CachingOperationNameGenerator : Generating unique operation named: disableRouteUsingPUT_2
2022-06-03 15:35:22.701  INFO 71063 --- [main] .d.s.w.r.o.CachingOperationNameGenerator : Generating unique operation named: enableRouteUsingPUT_2
2022-06-03 15:35:22.702  INFO 71063 --- [main] .d.s.w.r.o.CachingOperationNameGenerator : Generating unique operation named: searchRoutesUsingGET_1
2022-06-03 15:35:22.704  INFO 71063 --- [main] .d.s.w.r.o.CachingOperationNameGenerator : Generating unique operation named: updateRuleUsingPUT_1
2022-06-03 15:35:22.720  INFO 71063 --- [main] o.s.b.w.embedded.tomcat.TomcatWebServer  : Tomcat started on port(s): 61329 (http) with context path ''
2022-06-03 15:35:22.729  INFO 71063 --- [http-nio-auto-3-exec-1] o.s.web.servlet.DispatcherServlet        : Initializing Servlet 'dispatcherServlet'
2022-06-03 15:35:22.736  INFO 71063 --- [http-nio-auto-3-exec-1] o.s.web.servlet.DispatcherServlet        : Completed initialization in 7 ms
2022-06-03 15:35:23.241  INFO 71063 --- [main] com.pszymczyk.consul.ConsulStarter       : Starting new Consul process.
2022-06-03 15:35:23.253  INFO 71063 --- [main] com.pszymczyk.consul.ConsulStarter       : Creating ports configuration file: /var/folders/jb/1cdf2n056rl6fzxykk63kz7c0000gn/T/embedded-consul-config-dir4984767951028773399/basic_config.json
2022-06-03 15:35:23.373  INFO 71063 --- [main] com.pszymczyk.consul.ConsulStarter       : Starting Consul process on port 61369
2022-06-03 15:35:23.444  INFO 71063 --- [embedded-consul] com.pszymczyk.consul.ConsulStarter       : ==> Starting Consul agent...
2022-06-03 15:35:23.452  INFO 71063 --- [embedded-consul] com.pszymczyk.consul.ConsulStarter       : ==> Consul agent running!
2022-06-03 15:35:23.452  INFO 71063 --- [embedded-consul] com.pszymczyk.consul.ConsulStarter       :            Version: 'v1.1.0'
2022-06-03 15:35:23.452  INFO 71063 --- [embedded-consul] com.pszymczyk.consul.ConsulStarter       :            Node ID: '19572cb9-ce73-cb45-baee-0bd8862cd1ea'
2022-06-03 15:35:23.452  INFO 71063 --- [embedded-consul] com.pszymczyk.consul.ConsulStarter       :          Node name: 'node-858ff3c2a3'
2022-06-03 15:35:23.452  INFO 71063 --- [embedded-consul] com.pszymczyk.consul.ConsulStarter       :         Datacenter: 'dc1' (Segment: '<all>')
2022-06-03 15:35:23.452  INFO 71063 --- [embedded-consul] com.pszymczyk.consul.ConsulStarter       :             Server: true (Bootstrap: false)
2022-06-03 15:35:23.452  INFO 71063 --- [embedded-consul] com.pszymczyk.consul.ConsulStarter       :        Client Addr: [127.0.0.1] (HTTP: 61369, HTTPS: -1, DNS: 61370)
2022-06-03 15:35:23.452  INFO 71063 --- [embedded-consul] com.pszymczyk.consul.ConsulStarter       :       Cluster Addr: 127.0.0.1 (LAN: 61371, WAN: 61372)
2022-06-03 15:35:23.452  INFO 71063 --- [embedded-consul] com.pszymczyk.consul.ConsulStarter       :            Encrypt: Gossip: false, TLS-Outgoing: false, TLS-Incoming: false
2022-06-03 15:35:23.452  INFO 71063 --- [embedded-consul] com.pszymczyk.consul.ConsulStarter       : 
2022-06-03 15:35:23.453  INFO 71063 --- [embedded-consul] com.pszymczyk.consul.ConsulStarter       : ==> Log data will now stream in as it occurs:
2022-06-03 15:35:23.453  INFO 71063 --- [embedded-consul] com.pszymczyk.consul.ConsulStarter       : 
2022-06-03 15:35:23.674  INFO 71063 --- [SpringContextShutdownHook] o.s.s.concurrent.ThreadPoolTaskExecutor  : Shutting down ExecutorService 'applicationTaskExecutor'
2022-06-03 15:35:23.676  INFO 71063 --- [SpringContextShutdownHook] o.s.s.concurrent.ThreadPoolTaskExecutor  : Shutting down ExecutorService 'applicationTaskExecutor'
2022-06-03 15:35:23.682  INFO 71063 --- [SpringContextShutdownHook] o.s.s.concurrent.ThreadPoolTaskExecutor  : Shutting down ExecutorService 'applicationTaskExecutor'
2022-06-03 15:35:23.702 ERROR 71063 --- [embedded-consul] com.pszymczyk.consul.ConsulStarter       : agent: failed to sync remote state: No cluster leader
